{"C:\\Users\\IFECHUKWU\\Desktop\\BACKEND\\Blogging API\\app.js": {"path":"C:\\Users\\IFECHUKWU\\Desktop\\BACKEND\\Blogging API\\app.js","statementMap":{"0":{"start":{"line":1,"column":16},"end":{"line":1,"column":34}},"1":{"start":{"line":2,"column":17},"end":{"line":2,"column":36}},"2":{"start":{"line":3,"column":19},"end":{"line":3,"column":41}},"3":{"start":{"line":4,"column":20},"end":{"line":4,"column":50}},"4":{"start":{"line":5,"column":19},"end":{"line":5,"column":49}},"5":{"start":{"line":6,"column":19},"end":{"line":6,"column":49}},"6":{"start":{"line":7,"column":0},"end":{"line":7,"column":25}},"7":{"start":{"line":9,"column":12},"end":{"line":9,"column":21}},"8":{"start":{"line":10,"column":0},"end":{"line":10,"column":27}},"9":{"start":{"line":12,"column":0},"end":{"line":12,"column":31}},"10":{"start":{"line":13,"column":0},"end":{"line":13,"column":22}},"11":{"start":{"line":16,"column":0},"end":{"line":16,"column":26}},"12":{"start":{"line":17,"column":0},"end":{"line":17,"column":30}},"13":{"start":{"line":18,"column":0},"end":{"line":18,"column":30}},"14":{"start":{"line":19,"column":0},"end":{"line":21,"column":3}},"15":{"start":{"line":20,"column":2},"end":{"line":20,"column":34}},"16":{"start":{"line":24,"column":0},"end":{"line":28,"column":3}},"17":{"start":{"line":25,"column":17},"end":{"line":25,"column":34}},"18":{"start":{"line":26,"column":18},"end":{"line":26,"column":60}},"19":{"start":{"line":27,"column":2},"end":{"line":27,"column":72}},"20":{"start":{"line":30,"column":0},"end":{"line":30,"column":21}}},"fnMap":{"0":{"name":"(anonymous_0)","decl":{"start":{"line":19,"column":13},"end":{"line":19,"column":14}},"loc":{"start":{"line":19,"column":27},"end":{"line":21,"column":1}},"line":19},"1":{"name":"(anonymous_1)","decl":{"start":{"line":24,"column":8},"end":{"line":24,"column":9}},"loc":{"start":{"line":24,"column":33},"end":{"line":28,"column":1}},"line":24}},"branchMap":{"0":{"loc":{"start":{"line":25,"column":17},"end":{"line":25,"column":34}},"type":"binary-expr","locations":[{"start":{"line":25,"column":17},"end":{"line":25,"column":27}},{"start":{"line":25,"column":31},"end":{"line":25,"column":34}}],"line":25},"1":{"loc":{"start":{"line":26,"column":18},"end":{"line":26,"column":60}},"type":"binary-expr","locations":[{"start":{"line":26,"column":18},"end":{"line":26,"column":37}},{"start":{"line":26,"column":41},"end":{"line":26,"column":60}}],"line":26}},"s":{"0":2,"1":2,"2":2,"3":2,"4":2,"5":2,"6":2,"7":2,"8":2,"9":2,"10":2,"11":2,"12":2,"13":2,"14":2,"15":0,"16":2,"17":0,"18":0,"19":0,"20":2},"f":{"0":0,"1":0},"b":{"0":[0,0],"1":[0,0]},"_coverageSchema":"1a1c01bbd47fc00a2c39e90264f33305004495a9","hash":"0ba009ad3ccd0b295cf46ea311d355891d439ee8"}
,"C:\\Users\\IFECHUKWU\\Desktop\\BACKEND\\Blogging API\\passport.js": {"path":"C:\\Users\\IFECHUKWU\\Desktop\\BACKEND\\Blogging API\\passport.js","statementMap":{"0":{"start":{"line":1,"column":17},"end":{"line":1,"column":36}},"1":{"start":{"line":2,"column":20},"end":{"line":2,"column":52}},"2":{"start":{"line":3,"column":19},"end":{"line":3,"column":53}},"3":{"start":{"line":5,"column":0},"end":{"line":5,"column":27}},"4":{"start":{"line":7,"column":0},"end":{"line":21,"column":2}},"5":{"start":{"line":14,"column":6},"end":{"line":18,"column":7}},"6":{"start":{"line":15,"column":8},"end":{"line":15,"column":40}},"7":{"start":{"line":17,"column":8},"end":{"line":17,"column":20}}},"fnMap":{"0":{"name":"(anonymous_0)","decl":{"start":{"line":13,"column":4},"end":{"line":13,"column":5}},"loc":{"start":{"line":13,"column":29},"end":{"line":19,"column":5}},"line":13}},"branchMap":{},"s":{"0":2,"1":2,"2":2,"3":2,"4":2,"5":6,"6":6,"7":0},"f":{"0":6},"b":{},"_coverageSchema":"1a1c01bbd47fc00a2c39e90264f33305004495a9","hash":"c60a295fb9cbe47838e15b1a064d82bfe2962c50"}
,"C:\\Users\\IFECHUKWU\\Desktop\\BACKEND\\Blogging API\\Model\\blogModel.js": {"path":"C:\\Users\\IFECHUKWU\\Desktop\\BACKEND\\Blogging API\\Model\\blogModel.js","statementMap":{"0":{"start":{"line":1,"column":17},"end":{"line":1,"column":36}},"1":{"start":{"line":3,"column":15},"end":{"line":3,"column":30}},"2":{"start":{"line":4,"column":17},"end":{"line":4,"column":41}},"3":{"start":{"line":5,"column":19},"end":{"line":45,"column":2}},"4":{"start":{"line":47,"column":13},"end":{"line":47,"column":47}},"5":{"start":{"line":49,"column":0},"end":{"line":49,"column":22}}},"fnMap":{},"branchMap":{},"s":{"0":2,"1":2,"2":2,"3":2,"4":2,"5":2},"f":{},"b":{},"_coverageSchema":"1a1c01bbd47fc00a2c39e90264f33305004495a9","hash":"187ed26ad2774a93968a9d1b6daa12683609cdf6"}
,"C:\\Users\\IFECHUKWU\\Desktop\\BACKEND\\Blogging API\\Model\\userModel.js": {"path":"C:\\Users\\IFECHUKWU\\Desktop\\BACKEND\\Blogging API\\Model\\userModel.js","statementMap":{"0":{"start":{"line":1,"column":15},"end":{"line":1,"column":32}},"1":{"start":{"line":2,"column":17},"end":{"line":2,"column":36}},"2":{"start":{"line":3,"column":15},"end":{"line":3,"column":30}},"3":{"start":{"line":4,"column":18},"end":{"line":4,"column":38}},"4":{"start":{"line":5,"column":17},"end":{"line":5,"column":32}},"5":{"start":{"line":7,"column":19},"end":{"line":54,"column":2}},"6":{"start":{"line":42,"column":8},"end":{"line":42,"column":36}},"7":{"start":{"line":56,"column":0},"end":{"line":65,"column":3}},"8":{"start":{"line":58,"column":2},"end":{"line":58,"column":50}},"9":{"start":{"line":58,"column":36},"end":{"line":58,"column":50}},"10":{"start":{"line":60,"column":2},"end":{"line":60,"column":55}},"11":{"start":{"line":63,"column":2},"end":{"line":63,"column":35}},"12":{"start":{"line":64,"column":2},"end":{"line":64,"column":9}},"13":{"start":{"line":67,"column":0},"end":{"line":72,"column":2}},"14":{"start":{"line":71,"column":2},"end":{"line":71,"column":63}},"15":{"start":{"line":74,"column":13},"end":{"line":74,"column":47}},"16":{"start":{"line":75,"column":0},"end":{"line":75,"column":22}}},"fnMap":{"0":{"name":"(anonymous_0)","decl":{"start":{"line":41,"column":17},"end":{"line":41,"column":18}},"loc":{"start":{"line":41,"column":31},"end":{"line":43,"column":7}},"line":41},"1":{"name":"(anonymous_1)","decl":{"start":{"line":56,"column":23},"end":{"line":56,"column":24}},"loc":{"start":{"line":56,"column":45},"end":{"line":65,"column":1}},"line":56},"2":{"name":"(anonymous_2)","decl":{"start":{"line":67,"column":37},"end":{"line":67,"column":38}},"loc":{"start":{"line":70,"column":2},"end":{"line":72,"column":1}},"line":70}},"branchMap":{"0":{"loc":{"start":{"line":58,"column":2},"end":{"line":58,"column":50}},"type":"if","locations":[{"start":{"line":58,"column":2},"end":{"line":58,"column":50}},{"start":{},"end":{}}],"line":58}},"s":{"0":2,"1":2,"2":2,"3":2,"4":2,"5":2,"6":0,"7":2,"8":1,"9":0,"10":1,"11":1,"12":1,"13":2,"14":0,"15":2,"16":2},"f":{"0":0,"1":1,"2":0},"b":{"0":[0,1]},"_coverageSchema":"1a1c01bbd47fc00a2c39e90264f33305004495a9","hash":"cb71e1a25c6fd4b755f07aa23b03303d1800ec95"}
,"C:\\Users\\IFECHUKWU\\Desktop\\BACKEND\\Blogging API\\Routes\\authRouter.js": {"path":"C:\\Users\\IFECHUKWU\\Desktop\\BACKEND\\Blogging API\\Routes\\authRouter.js","statementMap":{"0":{"start":{"line":1,"column":16},"end":{"line":1,"column":34}},"1":{"start":{"line":3,"column":23},"end":{"line":3,"column":62}},"2":{"start":{"line":4,"column":20},"end":{"line":4,"column":36}},"3":{"start":{"line":6,"column":0},"end":{"line":6,"column":51}},"4":{"start":{"line":9,"column":0},"end":{"line":9,"column":51}},"5":{"start":{"line":10,"column":0},"end":{"line":10,"column":29}}},"fnMap":{},"branchMap":{},"s":{"0":2,"1":2,"2":2,"3":2,"4":2,"5":2},"f":{},"b":{},"_coverageSchema":"1a1c01bbd47fc00a2c39e90264f33305004495a9","hash":"335f85dde75f385d122abf0444bbe0333ed2f887"}
,"C:\\Users\\IFECHUKWU\\Desktop\\BACKEND\\Blogging API\\Routes\\blogRouter.js": {"path":"C:\\Users\\IFECHUKWU\\Desktop\\BACKEND\\Blogging API\\Routes\\blogRouter.js","statementMap":{"0":{"start":{"line":1,"column":16},"end":{"line":1,"column":34}},"1":{"start":{"line":2,"column":17},"end":{"line":2,"column":36}},"2":{"start":{"line":3,"column":23},"end":{"line":3,"column":62}},"3":{"start":{"line":5,"column":19},"end":{"line":5,"column":35}},"4":{"start":{"line":7,"column":0},"end":{"line":7,"column":48}},"5":{"start":{"line":8,"column":0},"end":{"line":12,"column":2}},"6":{"start":{"line":13,"column":0},"end":{"line":13,"column":55}},"7":{"start":{"line":15,"column":0},"end":{"line":19,"column":2}},"8":{"start":{"line":20,"column":0},"end":{"line":24,"column":2}},"9":{"start":{"line":25,"column":0},"end":{"line":29,"column":2}},"10":{"start":{"line":31,"column":0},"end":{"line":31,"column":28}}},"fnMap":{},"branchMap":{},"s":{"0":2,"1":2,"2":2,"3":2,"4":2,"5":2,"6":2,"7":2,"8":2,"9":2,"10":2},"f":{},"b":{},"_coverageSchema":"1a1c01bbd47fc00a2c39e90264f33305004495a9","hash":"58783864e0570dab76bc72627071bd7b152578c0"}
,"C:\\Users\\IFECHUKWU\\Desktop\\BACKEND\\Blogging API\\Routes\\userRouter.js": {"path":"C:\\Users\\IFECHUKWU\\Desktop\\BACKEND\\Blogging API\\Routes\\userRouter.js","statementMap":{"0":{"start":{"line":1,"column":17},"end":{"line":1,"column":36}},"1":{"start":{"line":2,"column":16},"end":{"line":2,"column":34}},"2":{"start":{"line":3,"column":23},"end":{"line":3,"column":62}},"3":{"start":{"line":5,"column":19},"end":{"line":5,"column":35}},"4":{"start":{"line":7,"column":0},"end":{"line":11,"column":2}},"5":{"start":{"line":12,"column":0},"end":{"line":12,"column":48}},"6":{"start":{"line":14,"column":0},"end":{"line":18,"column":2}},"7":{"start":{"line":20,"column":0},"end":{"line":24,"column":2}},"8":{"start":{"line":26,"column":0},"end":{"line":26,"column":28}}},"fnMap":{},"branchMap":{},"s":{"0":2,"1":2,"2":2,"3":2,"4":2,"5":2,"6":2,"7":2,"8":2},"f":{},"b":{},"_coverageSchema":"1a1c01bbd47fc00a2c39e90264f33305004495a9","hash":"4bca83515d2fffc4bc8b3c83c89893305f6b24ba"}
,"C:\\Users\\IFECHUKWU\\Desktop\\BACKEND\\Blogging API\\controller\\authController.js": {"path":"C:\\Users\\IFECHUKWU\\Desktop\\BACKEND\\Blogging API\\controller\\authController.js","statementMap":{"0":{"start":{"line":1,"column":12},"end":{"line":1,"column":35}},"1":{"start":{"line":3,"column":18},"end":{"line":3,"column":47}},"2":{"start":{"line":4,"column":0},"end":{"line":4,"column":27}},"3":{"start":{"line":6,"column":15},"end":{"line":6,"column":37}},"4":{"start":{"line":8,"column":18},"end":{"line":13,"column":1}},"5":{"start":{"line":10,"column":2},"end":{"line":12,"column":5}},"6":{"start":{"line":16,"column":0},"end":{"line":35,"column":2}},"7":{"start":{"line":17,"column":2},"end":{"line":34,"column":3}},"8":{"start":{"line":18,"column":55},"end":{"line":18,"column":63}},"9":{"start":{"line":19,"column":17},"end":{"line":24,"column":6}},"10":{"start":{"line":25,"column":4},"end":{"line":25,"column":30}},"11":{"start":{"line":26,"column":18},"end":{"line":26,"column":33}},"12":{"start":{"line":27,"column":4},"end":{"line":31,"column":7}},"13":{"start":{"line":33,"column":4},"end":{"line":33,"column":16}},"14":{"start":{"line":39,"column":0},"end":{"line":65,"column":2}},"15":{"start":{"line":40,"column":2},"end":{"line":64,"column":3}},"16":{"start":{"line":41,"column":32},"end":{"line":41,"column":40}},"17":{"start":{"line":43,"column":4},"end":{"line":46,"column":5}},"18":{"start":{"line":44,"column":20},"end":{"line":44,"column":66}},"19":{"start":{"line":45,"column":6},"end":{"line":45,"column":25}},"20":{"start":{"line":49,"column":17},"end":{"line":49,"column":51}},"21":{"start":{"line":50,"column":4},"end":{"line":53,"column":5}},"22":{"start":{"line":51,"column":20},"end":{"line":51,"column":60}},"23":{"start":{"line":52,"column":6},"end":{"line":52,"column":25}},"24":{"start":{"line":56,"column":4},"end":{"line":56,"column":30}},"25":{"start":{"line":57,"column":18},"end":{"line":57,"column":33}},"26":{"start":{"line":58,"column":4},"end":{"line":61,"column":7}},"27":{"start":{"line":63,"column":4},"end":{"line":63,"column":63}}},"fnMap":{"0":{"name":"(anonymous_0)","decl":{"start":{"line":8,"column":18},"end":{"line":8,"column":19}},"loc":{"start":{"line":8,"column":28},"end":{"line":13,"column":1}},"line":8},"1":{"name":"(anonymous_1)","decl":{"start":{"line":16,"column":17},"end":{"line":16,"column":18}},"loc":{"start":{"line":16,"column":49},"end":{"line":35,"column":1}},"line":16},"2":{"name":"(anonymous_2)","decl":{"start":{"line":39,"column":17},"end":{"line":39,"column":18}},"loc":{"start":{"line":39,"column":49},"end":{"line":65,"column":1}},"line":39}},"branchMap":{"0":{"loc":{"start":{"line":43,"column":4},"end":{"line":46,"column":5}},"type":"if","locations":[{"start":{"line":43,"column":4},"end":{"line":46,"column":5}},{"start":{},"end":{}}],"line":43},"1":{"loc":{"start":{"line":43,"column":8},"end":{"line":43,"column":27}},"type":"binary-expr","locations":[{"start":{"line":43,"column":8},"end":{"line":43,"column":14}},{"start":{"line":43,"column":18},"end":{"line":43,"column":27}}],"line":43},"2":{"loc":{"start":{"line":50,"column":4},"end":{"line":53,"column":5}},"type":"if","locations":[{"start":{"line":50,"column":4},"end":{"line":53,"column":5}},{"start":{},"end":{}}],"line":50},"3":{"loc":{"start":{"line":50,"column":8},"end":{"line":50,"column":71}},"type":"binary-expr","locations":[{"start":{"line":50,"column":8},"end":{"line":50,"column":13}},{"start":{"line":50,"column":17},"end":{"line":50,"column":71}}],"line":50}},"s":{"0":2,"1":2,"2":2,"3":2,"4":2,"5":1,"6":2,"7":1,"8":1,"9":1,"10":1,"11":1,"12":1,"13":0,"14":2,"15":0,"16":0,"17":0,"18":0,"19":0,"20":0,"21":0,"22":0,"23":0,"24":0,"25":0,"26":0,"27":0},"f":{"0":1,"1":1,"2":0},"b":{"0":[0,0],"1":[0,0],"2":[0,0],"3":[0,0]},"_coverageSchema":"1a1c01bbd47fc00a2c39e90264f33305004495a9","hash":"8166cb01d5449fb99f89704211100c21a42110df"}
,"C:\\Users\\IFECHUKWU\\Desktop\\BACKEND\\Blogging API\\controller\\blogController.js": {"path":"C:\\Users\\IFECHUKWU\\Desktop\\BACKEND\\Blogging API\\controller\\blogController.js","statementMap":{"0":{"start":{"line":1,"column":13},"end":{"line":1,"column":42}},"1":{"start":{"line":3,"column":0},"end":{"line":24,"column":2}},"2":{"start":{"line":4,"column":2},"end":{"line":23,"column":3}},"3":{"start":{"line":5,"column":21},"end":{"line":5,"column":29}},"4":{"start":{"line":6,"column":28},"end":{"line":14,"column":5}},"5":{"start":{"line":8,"column":8},"end":{"line":10,"column":46}},"6":{"start":{"line":11,"column":6},"end":{"line":11,"column":30}},"7":{"start":{"line":12,"column":31},"end":{"line":12,"column":47}},"8":{"start":{"line":13,"column":6},"end":{"line":13,"column":42}},"9":{"start":{"line":15,"column":4},"end":{"line":15,"column":46}},"10":{"start":{"line":16,"column":20},"end":{"line":16,"column":76}},"11":{"start":{"line":17,"column":4},"end":{"line":20,"column":7}},"12":{"start":{"line":22,"column":4},"end":{"line":22,"column":16}},"13":{"start":{"line":25,"column":0},"end":{"line":50,"column":2}},"14":{"start":{"line":26,"column":2},"end":{"line":49,"column":3}},"15":{"start":{"line":27,"column":23},"end":{"line":27,"column":45}},"16":{"start":{"line":28,"column":21},"end":{"line":28,"column":37}},"17":{"start":{"line":29,"column":20},"end":{"line":29,"column":41}},"18":{"start":{"line":32,"column":4},"end":{"line":37,"column":5}},"19":{"start":{"line":33,"column":23},"end":{"line":33,"column":58}},"20":{"start":{"line":34,"column":6},"end":{"line":34,"column":43}},"21":{"start":{"line":36,"column":6},"end":{"line":36,"column":40}},"22":{"start":{"line":40,"column":17},"end":{"line":40,"column":37}},"23":{"start":{"line":41,"column":18},"end":{"line":41,"column":40}},"24":{"start":{"line":42,"column":17},"end":{"line":42,"column":35}},"25":{"start":{"line":43,"column":4},"end":{"line":43,"column":38}},"26":{"start":{"line":45,"column":18},"end":{"line":45,"column":33}},"27":{"start":{"line":46,"column":4},"end":{"line":46,"column":79}},"28":{"start":{"line":48,"column":4},"end":{"line":48,"column":16}},"29":{"start":{"line":51,"column":0},"end":{"line":72,"column":2}},"30":{"start":{"line":52,"column":2},"end":{"line":71,"column":3}},"31":{"start":{"line":53,"column":23},"end":{"line":53,"column":45}},"32":{"start":{"line":54,"column":21},"end":{"line":54,"column":37}},"33":{"start":{"line":55,"column":20},"end":{"line":55,"column":41}},"34":{"start":{"line":57,"column":17},"end":{"line":57,"column":58}},"35":{"start":{"line":58,"column":4},"end":{"line":60,"column":5}},"36":{"start":{"line":59,"column":6},"end":{"line":59,"column":61}},"37":{"start":{"line":61,"column":17},"end":{"line":61,"column":37}},"38":{"start":{"line":62,"column":18},"end":{"line":62,"column":40}},"39":{"start":{"line":63,"column":17},"end":{"line":63,"column":35}},"40":{"start":{"line":64,"column":4},"end":{"line":64,"column":38}},"41":{"start":{"line":66,"column":4},"end":{"line":68,"column":62}},"42":{"start":{"line":70,"column":4},"end":{"line":70,"column":16}},"43":{"start":{"line":73,"column":0},"end":{"line":91,"column":2}},"44":{"start":{"line":74,"column":2},"end":{"line":90,"column":3}},"45":{"start":{"line":75,"column":23},"end":{"line":75,"column":33}},"46":{"start":{"line":76,"column":4},"end":{"line":76,"column":25}},"47":{"start":{"line":77,"column":15},"end":{"line":77,"column":61}},"48":{"start":{"line":78,"column":4},"end":{"line":78,"column":22}},"49":{"start":{"line":79,"column":4},"end":{"line":83,"column":5}},"50":{"start":{"line":80,"column":6},"end":{"line":80,"column":22}},"51":{"start":{"line":81,"column":20},"end":{"line":81,"column":59}},"52":{"start":{"line":82,"column":6},"end":{"line":82,"column":25}},"53":{"start":{"line":84,"column":4},"end":{"line":84,"column":25}},"54":{"start":{"line":85,"column":4},"end":{"line":85,"column":50}},"55":{"start":{"line":87,"column":4},"end":{"line":87,"column":77}},"56":{"start":{"line":89,"column":4},"end":{"line":89,"column":16}},"57":{"start":{"line":92,"column":0},"end":{"line":130,"column":2}},"58":{"start":{"line":93,"column":2},"end":{"line":129,"column":3}},"59":{"start":{"line":94,"column":23},"end":{"line":94,"column":33}},"60":{"start":{"line":95,"column":18},"end":{"line":95,"column":26}},"61":{"start":{"line":97,"column":4},"end":{"line":97,"column":24}},"62":{"start":{"line":98,"column":23},"end":{"line":98,"column":50}},"63":{"start":{"line":99,"column":4},"end":{"line":99,"column":28}},"64":{"start":{"line":100,"column":4},"end":{"line":102,"column":5}},"65":{"start":{"line":101,"column":6},"end":{"line":101,"column":54}},"66":{"start":{"line":103,"column":4},"end":{"line":103,"column":49}},"67":{"start":{"line":104,"column":4},"end":{"line":106,"column":5}},"68":{"start":{"line":105,"column":6},"end":{"line":105,"column":72}},"69":{"start":{"line":108,"column":20},"end":{"line":111,"column":6}},"70":{"start":{"line":126,"column":4},"end":{"line":126,"column":64}},"71":{"start":{"line":128,"column":4},"end":{"line":128,"column":16}},"72":{"start":{"line":132,"column":0},"end":{"line":153,"column":2}},"73":{"start":{"line":133,"column":2},"end":{"line":152,"column":3}},"74":{"start":{"line":134,"column":23},"end":{"line":134,"column":33}},"75":{"start":{"line":135,"column":28},"end":{"line":135,"column":55}},"76":{"start":{"line":136,"column":4},"end":{"line":138,"column":5}},"77":{"start":{"line":137,"column":6},"end":{"line":137,"column":54}},"78":{"start":{"line":139,"column":4},"end":{"line":141,"column":5}},"79":{"start":{"line":140,"column":6},"end":{"line":140,"column":71}},"80":{"start":{"line":142,"column":17},"end":{"line":142,"column":53}},"81":{"start":{"line":143,"column":4},"end":{"line":143,"column":22}},"82":{"start":{"line":144,"column":4},"end":{"line":148,"column":5}},"83":{"start":{"line":145,"column":6},"end":{"line":145,"column":22}},"84":{"start":{"line":146,"column":20},"end":{"line":146,"column":59}},"85":{"start":{"line":147,"column":6},"end":{"line":147,"column":25}},"86":{"start":{"line":149,"column":4},"end":{"line":149,"column":67}},"87":{"start":{"line":151,"column":4},"end":{"line":151,"column":16}}},"fnMap":{"0":{"name":"(anonymous_0)","decl":{"start":{"line":3,"column":19},"end":{"line":3,"column":20}},"loc":{"start":{"line":3,"column":51},"end":{"line":24,"column":1}},"line":3},"1":{"name":"(anonymous_1)","decl":{"start":{"line":6,"column":28},"end":{"line":6,"column":29}},"loc":{"start":{"line":6,"column":40},"end":{"line":14,"column":5}},"line":6},"2":{"name":"(anonymous_2)","decl":{"start":{"line":25,"column":22},"end":{"line":25,"column":23}},"loc":{"start":{"line":25,"column":54},"end":{"line":50,"column":1}},"line":25},"3":{"name":"(anonymous_3)","decl":{"start":{"line":51,"column":20},"end":{"line":51,"column":21}},"loc":{"start":{"line":51,"column":52},"end":{"line":72,"column":1}},"line":51},"4":{"name":"(anonymous_4)","decl":{"start":{"line":73,"column":22},"end":{"line":73,"column":23}},"loc":{"start":{"line":73,"column":54},"end":{"line":91,"column":1}},"line":73},"5":{"name":"(anonymous_5)","decl":{"start":{"line":92,"column":21},"end":{"line":92,"column":22}},"loc":{"start":{"line":92,"column":53},"end":{"line":130,"column":1}},"line":92},"6":{"name":"(anonymous_6)","decl":{"start":{"line":132,"column":21},"end":{"line":132,"column":22}},"loc":{"start":{"line":132,"column":53},"end":{"line":153,"column":1}},"line":132}},"branchMap":{"0":{"loc":{"start":{"line":32,"column":4},"end":{"line":37,"column":5}},"type":"if","locations":[{"start":{"line":32,"column":4},"end":{"line":37,"column":5}},{"start":{"line":35,"column":11},"end":{"line":37,"column":5}}],"line":32},"1":{"loc":{"start":{"line":40,"column":17},"end":{"line":40,"column":37}},"type":"binary-expr","locations":[{"start":{"line":40,"column":17},"end":{"line":40,"column":32}},{"start":{"line":40,"column":36},"end":{"line":40,"column":37}}],"line":40},"2":{"loc":{"start":{"line":41,"column":18},"end":{"line":41,"column":40}},"type":"binary-expr","locations":[{"start":{"line":41,"column":18},"end":{"line":41,"column":34}},{"start":{"line":41,"column":38},"end":{"line":41,"column":40}}],"line":41},"3":{"loc":{"start":{"line":58,"column":4},"end":{"line":60,"column":5}},"type":"if","locations":[{"start":{"line":58,"column":4},"end":{"line":60,"column":5}},{"start":{},"end":{}}],"line":58},"4":{"loc":{"start":{"line":61,"column":17},"end":{"line":61,"column":37}},"type":"binary-expr","locations":[{"start":{"line":61,"column":17},"end":{"line":61,"column":32}},{"start":{"line":61,"column":36},"end":{"line":61,"column":37}}],"line":61},"5":{"loc":{"start":{"line":62,"column":18},"end":{"line":62,"column":40}},"type":"binary-expr","locations":[{"start":{"line":62,"column":18},"end":{"line":62,"column":34}},{"start":{"line":62,"column":38},"end":{"line":62,"column":40}}],"line":62},"6":{"loc":{"start":{"line":79,"column":4},"end":{"line":83,"column":5}},"type":"if","locations":[{"start":{"line":79,"column":4},"end":{"line":83,"column":5}},{"start":{},"end":{}}],"line":79},"7":{"loc":{"start":{"line":100,"column":4},"end":{"line":102,"column":5}},"type":"if","locations":[{"start":{"line":100,"column":4},"end":{"line":102,"column":5}},{"start":{},"end":{}}],"line":100},"8":{"loc":{"start":{"line":104,"column":4},"end":{"line":106,"column":5}},"type":"if","locations":[{"start":{"line":104,"column":4},"end":{"line":106,"column":5}},{"start":{},"end":{}}],"line":104},"9":{"loc":{"start":{"line":136,"column":4},"end":{"line":138,"column":5}},"type":"if","locations":[{"start":{"line":136,"column":4},"end":{"line":138,"column":5}},{"start":{},"end":{}}],"line":136},"10":{"loc":{"start":{"line":139,"column":4},"end":{"line":141,"column":5}},"type":"if","locations":[{"start":{"line":139,"column":4},"end":{"line":141,"column":5}},{"start":{},"end":{}}],"line":139},"11":{"loc":{"start":{"line":144,"column":4},"end":{"line":148,"column":5}},"type":"if","locations":[{"start":{"line":144,"column":4},"end":{"line":148,"column":5}},{"start":{},"end":{}}],"line":144}},"s":{"0":2,"1":2,"2":1,"3":1,"4":1,"5":1,"6":1,"7":1,"8":1,"9":1,"10":1,"11":1,"12":0,"13":2,"14":0,"15":0,"16":0,"17":0,"18":0,"19":0,"20":0,"21":0,"22":0,"23":0,"24":0,"25":0,"26":0,"27":0,"28":0,"29":2,"30":0,"31":0,"32":0,"33":0,"34":0,"35":0,"36":0,"37":0,"38":0,"39":0,"40":0,"41":0,"42":0,"43":2,"44":1,"45":1,"46":1,"47":1,"48":1,"49":1,"50":0,"51":0,"52":0,"53":1,"54":1,"55":1,"56":0,"57":2,"58":1,"59":1,"60":1,"61":1,"62":1,"63":1,"64":1,"65":0,"66":1,"67":1,"68":0,"69":1,"70":1,"71":0,"72":2,"73":1,"74":1,"75":1,"76":1,"77":0,"78":1,"79":0,"80":1,"81":1,"82":1,"83":0,"84":0,"85":0,"86":1,"87":0},"f":{"0":1,"1":1,"2":0,"3":0,"4":1,"5":1,"6":1},"b":{"0":[0,0],"1":[0,0],"2":[0,0],"3":[0,0],"4":[0,0],"5":[0,0],"6":[0,1],"7":[0,1],"8":[0,1],"9":[0,1],"10":[0,1],"11":[0,1]},"_coverageSchema":"1a1c01bbd47fc00a2c39e90264f33305004495a9","hash":"6fac76d670fdcbd819a79f96c98fc942bc31f359"}
,"C:\\Users\\IFECHUKWU\\Desktop\\BACKEND\\Blogging API\\controller\\userController.js": {"path":"C:\\Users\\IFECHUKWU\\Desktop\\BACKEND\\Blogging API\\controller\\userController.js","statementMap":{"0":{"start":{"line":1,"column":13},"end":{"line":1,"column":42}},"1":{"start":{"line":3,"column":0},"end":{"line":12,"column":2}},"2":{"start":{"line":4,"column":2},"end":{"line":11,"column":3}},"3":{"start":{"line":5,"column":18},"end":{"line":5,"column":35}},"4":{"start":{"line":6,"column":4},"end":{"line":8,"column":65}},"5":{"start":{"line":10,"column":4},"end":{"line":10,"column":16}},"6":{"start":{"line":14,"column":0},"end":{"line":28,"column":2}},"7":{"start":{"line":15,"column":2},"end":{"line":27,"column":3}},"8":{"start":{"line":16,"column":23},"end":{"line":16,"column":33}},"9":{"start":{"line":17,"column":4},"end":{"line":17,"column":24}},"10":{"start":{"line":18,"column":17},"end":{"line":18,"column":44}},"11":{"start":{"line":20,"column":4},"end":{"line":22,"column":5}},"12":{"start":{"line":21,"column":6},"end":{"line":21,"column":66}},"13":{"start":{"line":24,"column":4},"end":{"line":24,"column":44}},"14":{"start":{"line":26,"column":4},"end":{"line":26,"column":76}},"15":{"start":{"line":30,"column":0},"end":{"line":49,"column":2}},"16":{"start":{"line":31,"column":2},"end":{"line":48,"column":3}},"17":{"start":{"line":32,"column":23},"end":{"line":32,"column":33}},"18":{"start":{"line":33,"column":24},"end":{"line":33,"column":32}},"19":{"start":{"line":35,"column":17},"end":{"line":35,"column":44}},"20":{"start":{"line":37,"column":4},"end":{"line":39,"column":5}},"21":{"start":{"line":38,"column":6},"end":{"line":38,"column":66}},"22":{"start":{"line":40,"column":4},"end":{"line":40,"column":22}},"23":{"start":{"line":41,"column":4},"end":{"line":43,"column":7}},"24":{"start":{"line":45,"column":4},"end":{"line":45,"column":38}},"25":{"start":{"line":47,"column":4},"end":{"line":47,"column":73}},"26":{"start":{"line":51,"column":0},"end":{"line":62,"column":2}},"27":{"start":{"line":52,"column":2},"end":{"line":61,"column":3}},"28":{"start":{"line":53,"column":4},"end":{"line":53,"column":28}},"29":{"start":{"line":54,"column":23},"end":{"line":54,"column":33}},"30":{"start":{"line":56,"column":17},"end":{"line":56,"column":54}},"31":{"start":{"line":58,"column":4},"end":{"line":58,"column":44}},"32":{"start":{"line":60,"column":4},"end":{"line":60,"column":69}}},"fnMap":{"0":{"name":"(anonymous_0)","decl":{"start":{"line":3,"column":22},"end":{"line":3,"column":23}},"loc":{"start":{"line":3,"column":54},"end":{"line":12,"column":1}},"line":3},"1":{"name":"(anonymous_1)","decl":{"start":{"line":14,"column":22},"end":{"line":14,"column":23}},"loc":{"start":{"line":14,"column":54},"end":{"line":28,"column":1}},"line":14},"2":{"name":"(anonymous_2)","decl":{"start":{"line":30,"column":21},"end":{"line":30,"column":22}},"loc":{"start":{"line":30,"column":53},"end":{"line":49,"column":1}},"line":30},"3":{"name":"(anonymous_3)","decl":{"start":{"line":51,"column":21},"end":{"line":51,"column":22}},"loc":{"start":{"line":51,"column":53},"end":{"line":62,"column":1}},"line":51}},"branchMap":{"0":{"loc":{"start":{"line":20,"column":4},"end":{"line":22,"column":5}},"type":"if","locations":[{"start":{"line":20,"column":4},"end":{"line":22,"column":5}},{"start":{},"end":{}}],"line":20},"1":{"loc":{"start":{"line":37,"column":4},"end":{"line":39,"column":5}},"type":"if","locations":[{"start":{"line":37,"column":4},"end":{"line":39,"column":5}},{"start":{},"end":{}}],"line":37}},"s":{"0":2,"1":2,"2":1,"3":1,"4":1,"5":0,"6":2,"7":1,"8":1,"9":1,"10":1,"11":1,"12":0,"13":1,"14":0,"15":2,"16":1,"17":1,"18":1,"19":1,"20":1,"21":0,"22":1,"23":1,"24":1,"25":0,"26":2,"27":1,"28":1,"29":1,"30":1,"31":1,"32":0},"f":{"0":1,"1":1,"2":1,"3":1},"b":{"0":[0,1],"1":[0,1]},"_coverageSchema":"1a1c01bbd47fc00a2c39e90264f33305004495a9","hash":"c2409036597a3697bc2e3bc97a6cef012b6d1773"}
}
